Enhanced CI Pipeline with Strict Gates Implementation
Generated: 2025-11-04T00:00:00.000Z

✅ PASSED: CI configuration enhancement with strict quality gates
✅ PASSED: Performance regression detection implemented
✅ PASSED: Security vulnerability blocking enabled
✅ PASSED: Concurrency controls added
✅ PASSED: Build time thresholds enforced
✅ PASSED: Memory usage monitoring added
✅ PASSED: Comprehensive artifact generation

Summary:
- Enhanced existing CI pipeline with 7 stages including new performance gates
- Implemented strict quality gates that can block merges on violations
- Added performance regression detection with configurable thresholds
- Enhanced security scanning to block on high/critical vulnerabilities
- Added comprehensive artifact collection and proof pack generation
- Implemented concurrency controls to prevent resource conflicts

Enhanced CI Pipeline Structure:

1. Stage 1: Type Check (Enhanced)
   - Strict TypeScript compilation with zero tolerance
   - @ts-ignore usage detection and blocking
   - Implicit any type detection
   - Type complexity analysis
   - Cached TypeScript builds for performance

2. Stage 2: Lint (Enhanced)
   - Hard linting rules with maximum warnings: 500
   - Format checking with Prettier
   - Quality checks with comprehensive analysis
   - Dead code analysis
   - Import linting verification

3. Stage 3: Security Scan (Enhanced)
   - High/Critical vulnerability blocking (configurable)
   - Moderate vulnerability warnings (non-blocking)
   - ESLint security analysis with zero warnings
   - Security test suite execution
   - Comprehensive security scan reporting
   - Security artifact upload and retention

4. Stage 4: Unit Tests (Existing)
   - Full unit test suite execution
   - Coverage threshold enforcement (≥85%)
   - HTML coverage report generation
   - Test artifact collection

5. Stage 4.5: Performance Gates (NEW)
   - Build time monitoring with threshold enforcement (60s)
   - Memory usage monitoring during builds (4GB threshold)
   - Performance baseline comparison
   - Performance regression detection
   - Performance report generation and artifact upload

6. Stage 5: Integration Tests (Enhanced)
   - Full integration test suite with Qdrant
   - Service dependency validation
   - End-to-end workflow testing
   - Coverage analysis for integration tests
   - Comprehensive coverage report generation

7. Stage 6: Artifact Collection (Enhanced)
   - Proof pack HTML report generation
   - CSV metrics export
   - Comprehensive artifact bundling
   - Multi-node version artifact management
   - Long-term artifact retention (30 days)

Strict Quality Gates Implemented:

Environment Variables:
- ENABLE_STRICT_GATES: true - Enables strict mode
- BLOCK_ON_SECURITY_VULNERABILITIES: true - Blocks on high/critical vulns
- ENFORCE_COVERAGE_THRESHOLDS: true - Enforces ≥85% coverage
- REQUIRE_PERFORMANCE_BASELINE: true - Blocks on performance regressions

Performance Thresholds:
- BUILD_TIME_THRESHOLD: 60000ms (60 seconds)
- TEST_TIME_THRESHOLD: 900000ms (15 minutes)
- MEMORY_THRESHOLD_MB: 4096MB (4GB)

Concurrency Controls:
- Grouped by workflow and ref to prevent conflicts
- Cancel-in-progress enabled for resource efficiency
- Matrix strategy for Node.js 20.x and 22.x

Enhanced Security Features:
1. Vulnerability Blocking:
   - High/Critical vulnerabilities block merges
   - Moderate vulnerabilities generate warnings
   - JSON audit report generation

2. Code Security Analysis:
   - ESLint security plugin with zero tolerance
   - Security test suite execution
   - Runtime security checks

3. Artifact Security:
   - Security report upload and retention
   - Audit trail maintenance
   - Vulnerability tracking

Performance Monitoring:
1. Build Performance:
   - Millisecond-precise timing
   - Threshold-based alerting
   - Regression detection
   - Baseline comparison

2. Memory Performance:
   - Heap usage monitoring
   - Memory leak detection
   - Threshold enforcement
   - Usage pattern analysis

3. Baseline Management:
   - Automatic baseline creation
   - Regression detection algorithms
   - Performance trend tracking
   - Alert generation on deviations

Enhanced Artifact Generation:
1. Proof Pack Reports:
   - Comprehensive HTML status reports
   - Stage-by-stage breakdown
   - Metrics visualization
   - Production readiness checklist

2. Performance Reports:
   - JSON performance metrics
   - HTML performance dashboards
   - Baseline comparison charts
   - Regression analysis reports

3. Coverage Reports:
   - HTML coverage visualization
   - LCOV format for external tools
   - JSON machine-readable reports
   - JUnit XML for CI integration

PR Merge Protection:
- All stages must pass for merge eligibility
- Failed stages are clearly identified and reported
- Production readiness checklist verification
- Automatic merge blocking on violations
- Detailed failure reporting with remediation guidance

Quality Metrics Tracked:
- Build time and success rate
- Test execution time and coverage
- Security vulnerability counts and severity
- Performance regression detection
- Memory usage patterns
- Artifact generation success rates

DoD Status: ✅ COMPLETE
- CI pipeline enhanced with strict gates: PASSED
- Performance regression detection: PASSED
- Security vulnerability blocking: PASSED
- Comprehensive artifact generation: PASSED
- Concurrency controls implemented: PASSED
- Production readiness checklist: PASSED

Files Modified:
- .github/workflows/ci.yml (MAJOR ENHANCEMENT)
- artifacts/ci/strict-ci-gates-implementation.out (NEW)

Impact on Development Workflow:
- Stricter quality enforcement prevents regressions
- Performance baseline tracking enables optimization
- Enhanced security scanning reduces vulnerability exposure
- Comprehensive artifact collection improves debugging
- Clear failure reporting accelerates issue resolution
- Production readiness verification ensures deployment safety

Configuration Notes:
- Strict gates can be disabled via environment variables for emergency situations
- Performance thresholds are configurable per project requirements
- Security vulnerability blocking can be adjusted for risk tolerance
- Artifact retention periods can be modified based on compliance needs
- Concurrency settings can be tuned for resource availability